[debug] [2023-03-26T17:15:15.861Z] ----------------------------------------------------------------------
[debug] [2023-03-26T17:15:15.862Z] Command:       C:\Program Files\nodejs\node.exe C:\Program Files\nodejs\node_modules\firebase-tools\lib\bin\firebase.js init
[debug] [2023-03-26T17:15:15.863Z] CLI Version:   11.25.1
[debug] [2023-03-26T17:15:15.863Z] Platform:      win32
[debug] [2023-03-26T17:15:15.863Z] Node Version:  v14.21.0
[debug] [2023-03-26T17:15:15.864Z] Time:          Sun Mar 26 2023 14:15:15 GMT-0300 (Horário Padrão de Brasília)
[debug] [2023-03-26T17:15:15.864Z] ----------------------------------------------------------------------
[debug] 
[debug] [2023-03-26T17:15:15.868Z] >>> [apiv2][query] GET https://firebase-public.firebaseio.com/cli.json [none]
[debug] [2023-03-26T17:15:15.892Z] > command requires scopes: ["email","openid","https://www.googleapis.com/auth/cloudplatformprojects.readonly","https://www.googleapis.com/auth/firebase","https://www.googleapis.com/auth/cloud-platform"]
[debug] [2023-03-26T17:15:15.893Z] > authorizing via signed-in user (fabiooli221297@gmail.com)
[info] 
     ######## #### ########  ######## ########     ###     ######  ########
     ##        ##  ##     ## ##       ##     ##  ##   ##  ##       ##
     ######    ##  ########  ######   ########  #########  ######  ######
     ##        ##  ##    ##  ##       ##     ## ##     ##       ## ##
     ##       #### ##     ## ######## ########  ##     ##  ######  ########

You're about to initialize a Firebase project in this directory:

  C:\projects\infotech\proj-js

Before we get started, keep in mind:

  * You are currently outside your home directory

[debug] [2023-03-26T17:15:16.322Z] <<< [apiv2][status] GET https://firebase-public.firebaseio.com/cli.json 200
[debug] [2023-03-26T17:15:16.322Z] <<< [apiv2][body] GET https://firebase-public.firebaseio.com/cli.json {"cloudBuildErrorAfter":1594252800000,"cloudBuildWarnAfter":1590019200000,"defaultNode10After":1594252800000,"minVersion":"3.0.5","node8DeploysDisabledAfter":1613390400000,"node8RuntimeDisabledAfter":1615809600000,"node8WarnAfter":1600128000000}
[info] 
=== Project Setup
[info] 
[info] First, let's associate this project directory with a Firebase project.
[info] You can create multiple project aliases by running firebase use --add, 
[info] but for now we'll just set up a default project.
[info] 
[debug] [2023-03-26T17:16:05.261Z] > refreshing access token with scopes: []
[debug] [2023-03-26T17:16:05.263Z] >>> [apiv2][query] POST https://www.googleapis.com/oauth2/v3/token [none]
[debug] [2023-03-26T17:16:05.263Z] >>> [apiv2][body] POST https://www.googleapis.com/oauth2/v3/token [omitted]
[debug] [2023-03-26T17:16:05.492Z] <<< [apiv2][status] POST https://www.googleapis.com/oauth2/v3/token 200
[debug] [2023-03-26T17:16:05.493Z] <<< [apiv2][body] POST https://www.googleapis.com/oauth2/v3/token [omitted]
[debug] [2023-03-26T17:16:05.506Z] >>> [apiv2][query] GET https://firebase.googleapis.com/v1beta1/projects pageSize=100
[debug] [2023-03-26T17:16:06.359Z] <<< [apiv2][status] GET https://firebase.googleapis.com/v1beta1/projects 200
[debug] [2023-03-26T17:16:06.359Z] <<< [apiv2][body] GET https://firebase.googleapis.com/v1beta1/projects [omitted]
[info] i  Using project teste-c2e2c (teste) 
[info] 
=== Hosting Setup
[info] 
[info] Your public directory is the folder (relative to your project directory) that
[info] will contain Hosting assets to be uploaded with firebase deploy. If you
[info] have a build process for your assets, use your build's output directory.
[info] 
[debug] [2023-03-26T17:17:20.987Z] >>> [apiv2][query] GET https://www.gstatic.com/firebasejs/releases.json [none]
[debug] [2023-03-26T17:17:21.184Z] <<< [apiv2][status] GET https://www.gstatic.com/firebasejs/releases.json 200
[debug] [2023-03-26T17:17:21.184Z] <<< [apiv2][body] GET https://www.gstatic.com/firebasejs/releases.json {"current":{"version":"9.18.0","browserURL":"https://www.gstatic.com/firebasejs/9.18.0/firebase.js","packageURL":"https://www.gstatic.com/firebasejs/9.18.0/firebase.tgz"},"live":{"version":"9.18","browserURL":"https://www.gstatic.com/firebasejs/live/9.18/firebase.js","packageURL":"https://www.gstatic.com/firebasejs/live/9.18/firebase.tgz"},"components":{"analytics":"https://www.gstatic.com/firebasejs/9.18.0/firebase-analytics.js","app":"https://www.gstatic.com/firebasejs/9.18.0/firebase-app.js","app-check":"https://www.gstatic.com/firebasejs/9.18.0/firebase-app-check.js","auth":"https://www.gstatic.com/firebasejs/9.18.0/firebase-auth.js","auth/cordova":"https://www.gstatic.com/firebasejs/9.18.0/firebase-auth/cordova.js","auth/react-native":"https://www.gstatic.com/firebasejs/9.18.0/firebase-auth/react-native.js","functions":"https://www.gstatic.com/firebasejs/9.18.0/firebase-functions.js","firestore":"https://www.gstatic.com/firebasejs/9.18.0/firebase-firestore.js","firestore/lite":"https://www.gstatic.com/firebasejs/9.18.0/firebase-firestore/lite.js","installations":"https://www.gstatic.com/firebasejs/9.18.0/firebase-installations.js","storage":"https://www.gstatic.com/firebasejs/9.18.0/firebase-storage.js","performance":"https://www.gstatic.com/firebasejs/9.18.0/firebase-performance.js","remote-config":"https://www.gstatic.com/firebasejs/9.18.0/firebase-remote-config.js","messaging":"https://www.gstatic.com/firebasejs/9.18.0/firebase-messaging.js","messaging/sw":"https://www.gstatic.com/firebasejs/9.18.0/firebase-messaging/sw.js","database":"https://www.gstatic.com/firebasejs/9.18.0/firebase-database.js","firestore.memory":"https://www.gstatic.com/firebasejs/9.18.0/firebase-firestore.memory.js"}}
[info] +  Wrote public/index.html 
[info] 
[info] i  Didn't detect a .git folder. Assuming C:\projects\infotech\proj-js is the project root. 
[info] i  Authorizing with GitHub to upload your service account to a GitHub repository's secrets store. 
[info] 
[info] Visit this URL on this device to log in:
[info] https://github.com/login/oauth/authorize?client_id=89cf50f02ac6aaed3484&state=697769311&redirect_uri=http%3A%2F%2Flocalhost%3A9005&scope=read%3Auser%20repo%20public_repo
[info] 
[info] Waiting for authentication...
[debug] [2023-03-26T17:17:21.792Z] >>> [apiv2][query] POST https://github.com/login/oauth/access_token [none]
[debug] [2023-03-26T17:17:21.792Z] >>> [apiv2][body] POST https://github.com/login/oauth/access_token [stream]
[debug] [2023-03-26T17:17:22.088Z] <<< [apiv2][status] POST https://github.com/login/oauth/access_token 200
[debug] [2023-03-26T17:17:22.089Z] <<< [apiv2][body] POST https://github.com/login/oauth/access_token {"access_token":"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","token_type":"bearer","scope":"read:user,repo"}
[debug] [2023-03-26T17:17:22.094Z] >>> [apiv2][query] GET https://api.github.com/user [none]
[debug] [2023-03-26T17:17:22.406Z] <<< [apiv2][status] GET https://api.github.com/user 200
[debug] [2023-03-26T17:17:22.407Z] <<< [apiv2][body] GET https://api.github.com/user {"login":"NullBeta001","id":95911559,"node_id":"U_kgDOBbd-hw","avatar_url":"https://avatars.githubusercontent.com/u/95911559?v=4","gravatar_id":"","url":"https://api.github.com/users/NullBeta001","html_url":"https://github.com/NullBeta001","followers_url":"https://api.github.com/users/NullBeta001/followers","following_url":"https://api.github.com/users/NullBeta001/following{/other_user}","gists_url":"https://api.github.com/users/NullBeta001/gists{/gist_id}","starred_url":"https://api.github.com/users/NullBeta001/starred{/owner}{/repo}","subscriptions_url":"https://api.github.com/users/NullBeta001/subscriptions","organizations_url":"https://api.github.com/users/NullBeta001/orgs","repos_url":"https://api.github.com/users/NullBeta001/repos","events_url":"https://api.github.com/users/NullBeta001/events{/privacy}","received_events_url":"https://api.github.com/users/NullBeta001/received_events","type":"User","site_admin":false,"name":"Fábio Oliveira","company":"DG Sistemas Inteligentes","blog":"www.linkedin.com/in/fabio-oliveira-nb","location":"Sertãozinho, SP","email":null,"hireable":true,"bio":"Fábio | 24 | Desenvolvedor Full Stack | JavaScript | Node.JS | Angular.","twitter_username":null,"public_repos":29,"public_gists":0,"followers":19,"following":24,"created_at":"2021-12-10T09:50:50Z","updated_at":"2022-12-13T01:27:28Z","private_gists":0,"total_private_repos":0,"owned_private_repos":0,"disk_usage":85692,"collaborators":0,"two_factor_authentication":false,"plan":{"name":"free","space":976562499,"collaborators":0,"private_repos":10000}}
[info] 
[info] +  Success! Logged into GitHub as NullBeta001 
[info] 
[debug] [2023-03-26T17:17:34.624Z] >>> [apiv2][query] GET https://api.github.com/repos//actions/secrets/public-key type=owner
[debug] [2023-03-26T17:17:34.841Z] <<< [apiv2][status] GET https://api.github.com/repos//actions/secrets/public-key 404
[debug] [2023-03-26T17:17:34.841Z] <<< [apiv2][body] GET https://api.github.com/repos//actions/secrets/public-key {"message":"Not Found","documentation_url":"https://docs.github.com/rest"}
[debug] [2023-03-26T17:18:09.513Z] >>> [apiv2][query] GET https://api.github.com/repos//actions/secrets/public-key type=owner
[debug] [2023-03-26T17:18:09.729Z] >>> [apiv2][query] GET https://api.github.com/repos//actions/secrets/public-key type=owner
[debug] [2023-03-26T17:18:09.743Z] <<< [apiv2][status] GET https://api.github.com/repos//actions/secrets/public-key 404
[debug] [2023-03-26T17:18:09.743Z] <<< [apiv2][body] GET https://api.github.com/repos//actions/secrets/public-key {"message":"Not Found","documentation_url":"https://docs.github.com/rest"}
[debug] [2023-03-26T17:18:09.927Z] <<< [apiv2][status] GET https://api.github.com/repos//actions/secrets/public-key 404
[debug] [2023-03-26T17:18:09.927Z] <<< [apiv2][body] GET https://api.github.com/repos//actions/secrets/public-key {"message":"Not Found","documentation_url":"https://docs.github.com/rest"}
[debug] [2023-03-26T17:18:10.009Z] >>> [apiv2][query] GET https://api.github.com/repos//actions/secrets/public-key type=owner
[debug] [2023-03-26T17:18:10.201Z] <<< [apiv2][status] GET https://api.github.com/repos//actions/secrets/public-key 404
[debug] [2023-03-26T17:18:10.201Z] <<< [apiv2][body] GET https://api.github.com/repos//actions/secrets/public-key {"message":"Not Found","documentation_url":"https://docs.github.com/rest"}
[debug] [2023-03-26T17:18:10.414Z] >>> [apiv2][query] GET https://api.github.com/repos//actions/secrets/public-key type=owner
[debug] [2023-03-26T17:18:10.605Z] <<< [apiv2][status] GET https://api.github.com/repos//actions/secrets/public-key 404
[debug] [2023-03-26T17:18:10.606Z] <<< [apiv2][body] GET https://api.github.com/repos//actions/secrets/public-key {"message":"Not Found","documentation_url":"https://docs.github.com/rest"}
[debug] [2023-03-26T17:18:10.974Z] >>> [apiv2][query] GET https://api.github.com/repos//actions/secrets/public-key type=owner
[debug] [2023-03-26T17:18:11.177Z] <<< [apiv2][status] GET https://api.github.com/repos//actions/secrets/public-key 404
[debug] [2023-03-26T17:18:11.177Z] <<< [apiv2][body] GET https://api.github.com/repos//actions/secrets/public-key {"message":"Not Found","documentation_url":"https://docs.github.com/rest"}
